Using pre-set license
Built from '2020.2/staging' branch; Version is '2020.2.0b7 (1b1252580c64) revision 1774162'; Using compiler version '192528614'; Build Type 'Release'
OS: 'Windows 10  (10.0.0) 64bit' Language: 'en' Physical Memory: 7917 MB
BatchMode: 1, IsHumanControllingUs: 0, StartBugReporterOnCrash: 0, Is64bit: 1, IsPro: 0

 COMMAND LINE ARGUMENTS:
C:\Program Files\Unity 2020.2.0b7\Editor\Unity.exe
-adb2
-batchMode
-noUpm
-name
AssetImportWorker0
-projectPath
C:/My-Documents/GamewithLOVE2D/cs50x_assignments/amWRit
-logFile
Logs/AssetImportWorker0.log
-srvPort
51976
Successfully changed project path to: C:/My-Documents/GamewithLOVE2D/cs50x_assignments/amWRit
C:/My-Documents/GamewithLOVE2D/cs50x_assignments/amWRit
Using Asset Import Pipeline V2.
Refreshing native plugins compatible for Editor in 75.27 ms, found 0 plugins.
Preloading 0 native plugins for Editor in 0.00 ms.
Initialize engine version: 2020.2.0b7 (1b1252580c64)
[Subsystems] Discovering subsystems at path C:/Program Files/Unity 2020.2.0b7/Editor/Data/Resources/UnitySubsystems
[Subsystems] Discovering subsystems at path C:/My-Documents/GamewithLOVE2D/cs50x_assignments/amWRit/Assets
GfxDevice: creating device client; threaded=0
Direct3D:
    Version:  Direct3D 11.0 [level 11.1]
    Renderer: Intel(R) HD Graphics 620 (ID=0x5916)
    Vendor:   
    VRAM:     3958 MB
    Driver:   26.20.100.7986
Initialize mono
Mono path[0] = 'C:/Program Files/Unity 2020.2.0b7/Editor/Data/Managed'
Mono path[1] = 'C:/Program Files/Unity 2020.2.0b7/Editor/Data/MonoBleedingEdge/lib/mono/unityjit'
Mono config path = 'C:/Program Files/Unity 2020.2.0b7/Editor/Data/MonoBleedingEdge/etc'
Using monoOptions --debugger-agent=transport=dt_socket,embedding=1,server=y,suspend=n,address=127.0.0.1:56288
Begin MonoManager ReloadAssembly
Registering precompiled unity dll's ...
Register platform support module: C:/Program Files/Unity 2020.2.0b7/Editor/Data/PlaybackEngines/WindowsStandaloneSupport/UnityEditor.WindowsStandalone.Extensions.dll
Registered in 0.003401 seconds.
Native extension for WindowsStandalone target not found
Refreshing native plugins compatible for Editor in 52.69 ms, found 0 plugins.
Preloading 0 native plugins for Editor in 0.00 ms.
Invoked RoslynAnalysisRunner static constructor.
RoslynAnalysisRunner will not be running.
RoslynAnalysisRunner has terminated.
Mono: successfully reloaded assembly
- Completed reload, in  1.769 seconds
Platform modules already initialized, skipping
Registering precompiled user dll's ...
Registered in 0.002179 seconds.
Begin MonoManager ReloadAssembly
Symbol file LoadedFromMemory doesn't match image C:\My-Documents\GamewithLOVE2D\cs50x_assignments\amWRit\Library\PackageCache\com.unity.ext.nunit@1.0.0\net35\unity-custom\nunit.framework.dll
Native extension for WindowsStandalone target not found
Refreshing native plugins compatible for Editor in 0.58 ms, found 0 plugins.
Preloading 0 native plugins for Editor in 0.00 ms.
Invoked RoslynAnalysisRunner static constructor.
RoslynAnalysisRunner will not be running.
RoslynAnalysisRunner has terminated.
Mono: successfully reloaded assembly
- Completed reload, in  2.076 seconds
Platform modules already initialized, skipping
========================================================================
Worker process is ready to serve import requests
Launched and connected shader compiler UnityShaderCompiler.exe after 0.24 seconds
Refreshing native plugins compatible for Editor in 0.28 ms, found 0 plugins.
Preloading 0 native plugins for Editor in 0.00 ms.
Unloading 1107 Unused Serialized files (Serialized files now loaded: 0)
System memory in use before: 60.5 MB.
System memory in use after: 60.6 MB.

Unloading 10 unused Assets to reduce memory usage. Loaded Objects now: 1550.
Total: 2.419800 ms (FindLiveObjects: 0.413500 ms CreateObjectMapping: 0.069800 ms MarkObjects: 1.806300 ms  DeleteObjects: 0.128700 ms)

========================================================================
Received Import Request.
  path: Assets/Prefabs/Number Prefabs/math_8.prefab
  artifactKey: Guid(e68a191492d269d469860bb3a024f268) Importer(815301076,1909f56bfc062723c751e8b465ee728b)
Start importing Assets/Prefabs/Number Prefabs/math_8.prefab using Guid(e68a191492d269d469860bb3a024f268) Importer(815301076,1909f56bfc062723c751e8b465ee728b)  -> (artifact id: 'cbb7e34cc0289578adb9e5233bfa8bf8') in 0.401510 seconds
  Import took 0.408752 seconds .

========================================================================
Received Import Request.
  Time since last request: 0.000638 seconds.
  path: Assets/Prefabs/Number Prefabs/math_9.prefab
  artifactKey: Guid(5e8295551aedfe845bd194cc6d1a6306) Importer(815301076,1909f56bfc062723c751e8b465ee728b)
Start importing Assets/Prefabs/Number Prefabs/math_9.prefab using Guid(5e8295551aedfe845bd194cc6d1a6306) Importer(815301076,1909f56bfc062723c751e8b465ee728b)  -> (artifact id: '7b011de1aaff153875b455acb188c48b') in 0.049437 seconds
  Import took 0.055097 seconds .

========================================================================
Received Import Request.
  Time since last request: 0.000420 seconds.
  path: Assets/Prefabs/Number Prefabs/math_3.prefab
  artifactKey: Guid(6e1bfc0c3c6feef4aa63b36a5c1988e7) Importer(815301076,1909f56bfc062723c751e8b465ee728b)
Start importing Assets/Prefabs/Number Prefabs/math_3.prefab using Guid(6e1bfc0c3c6feef4aa63b36a5c1988e7) Importer(815301076,1909f56bfc062723c751e8b465ee728b)  -> (artifact id: 'f151288771c45249c619e3a5afedc5dd') in 0.055196 seconds
  Import took 0.059783 seconds .

========================================================================
Received Import Request.
  Time since last request: 0.000298 seconds.
  path: Assets/Prefabs/Number Prefabs/math_0.prefab
  artifactKey: Guid(f4b240c0df4a0704ba1c12d168d46d54) Importer(815301076,1909f56bfc062723c751e8b465ee728b)
Start importing Assets/Prefabs/Number Prefabs/math_0.prefab using Guid(f4b240c0df4a0704ba1c12d168d46d54) Importer(815301076,1909f56bfc062723c751e8b465ee728b)  -> (artifact id: 'b104153fac059fd9237dd31c9d4a99f1') in 0.064224 seconds
  Import took 0.069319 seconds .

========================================================================
Received Import Request.
  Time since last request: 0.000398 seconds.
  path: Assets/Prefabs/Number Prefabs/math_1.prefab
  artifactKey: Guid(d2a25a9e448b81a41b39c3ecccbf476f) Importer(815301076,1909f56bfc062723c751e8b465ee728b)
Start importing Assets/Prefabs/Number Prefabs/math_1.prefab using Guid(d2a25a9e448b81a41b39c3ecccbf476f) Importer(815301076,1909f56bfc062723c751e8b465ee728b)  -> (artifact id: '1bbd4211e30c887fed4a8c306da68c31') in 0.031765 seconds
  Import took 0.037679 seconds .

========================================================================
Received Import Request.
  Time since last request: 0.000386 seconds.
  path: Assets/Prefabs/Number Prefabs/math_6.prefab
  artifactKey: Guid(ad31ea7efb029ce4d861330d170fe152) Importer(815301076,1909f56bfc062723c751e8b465ee728b)
Start importing Assets/Prefabs/Number Prefabs/math_6.prefab using Guid(ad31ea7efb029ce4d861330d170fe152) Importer(815301076,1909f56bfc062723c751e8b465ee728b)  -> (artifact id: '8d241cb76ec8f2e45ed00336345d0c91') in 0.023157 seconds
  Import took 0.028714 seconds .

========================================================================
Received Import Request.
  Time since last request: 0.000423 seconds.
  path: Assets/Prefabs/Number Prefabs/math_2.prefab
  artifactKey: Guid(c44bddcefbd68a646af1660facc42cd5) Importer(815301076,1909f56bfc062723c751e8b465ee728b)
Start importing Assets/Prefabs/Number Prefabs/math_2.prefab using Guid(c44bddcefbd68a646af1660facc42cd5) Importer(815301076,1909f56bfc062723c751e8b465ee728b)  -> (artifact id: 'bb9a50e8c960fcc7b716de13405b3778') in 0.028217 seconds
  Import took 0.033151 seconds .

========================================================================
Received Import Request.
  Time since last request: 0.000532 seconds.
  path: Assets/Prefabs/Number Prefabs/math_4.prefab
  artifactKey: Guid(99a851ba07ad4004fa4213d97f5811e2) Importer(815301076,1909f56bfc062723c751e8b465ee728b)
Start importing Assets/Prefabs/Number Prefabs/math_4.prefab using Guid(99a851ba07ad4004fa4213d97f5811e2) Importer(815301076,1909f56bfc062723c751e8b465ee728b)  -> (artifact id: '1fa7e393aed1ec05699f939cf47aff03') in 0.030549 seconds
  Import took 0.035486 seconds .

========================================================================
Received Import Request.
  Time since last request: 0.000308 seconds.
  path: Assets/Prefabs/Number Prefabs/math_5.prefab
  artifactKey: Guid(a73b5cdc1bb413f40a5aabfe377d975b) Importer(815301076,1909f56bfc062723c751e8b465ee728b)
Start importing Assets/Prefabs/Number Prefabs/math_5.prefab using Guid(a73b5cdc1bb413f40a5aabfe377d975b) Importer(815301076,1909f56bfc062723c751e8b465ee728b)  -> (artifact id: '04babd701e666ed83485c373883fa15e') in 0.043651 seconds
  Import took 0.048456 seconds .

========================================================================
Received Import Request.
  Time since last request: 0.000607 seconds.
  path: Assets/Prefabs/Number Prefabs/math_7.prefab
  artifactKey: Guid(ed9604a41d0ee444ca36ab11263ba611) Importer(815301076,1909f56bfc062723c751e8b465ee728b)
Start importing Assets/Prefabs/Number Prefabs/math_7.prefab using Guid(ed9604a41d0ee444ca36ab11263ba611) Importer(815301076,1909f56bfc062723c751e8b465ee728b)  -> (artifact id: '0844e24efc75c3f0b3cc637372af2537') in 0.031609 seconds
  Import took 0.037338 seconds .

========================================================================
Received Import Request.
  Time since last request: 0.003016 seconds.
  path: Assets/Prefabs/Number Prefabs/math_7.prefab
  artifactKey: Guid(ed9604a41d0ee444ca36ab11263ba611) Importer(815301076,1909f56bfc062723c751e8b465ee728b)
Start importing Assets/Prefabs/Number Prefabs/math_7.prefab using Guid(ed9604a41d0ee444ca36ab11263ba611) Importer(815301076,1909f56bfc062723c751e8b465ee728b)  -> (artifact id: '0844e24efc75c3f0b3cc637372af2537') in 0.021927 seconds
  Import took 0.026443 seconds .

========================================================================
Received Prepare
Refreshing native plugins compatible for Editor in 1.44 ms, found 0 plugins.
Preloading 0 native plugins for Editor in 0.00 ms.
Unloading 3 Unused Serialized files (Serialized files now loaded: 0)
System memory in use before: 41.4 MB.
System memory in use after: 41.5 MB.

Unloading 3 unused Assets to reduce memory usage. Loaded Objects now: 1557.
Total: 4.117100 ms (FindLiveObjects: 0.602900 ms CreateObjectMapping: 0.111800 ms MarkObjects: 3.333500 ms  DeleteObjects: 0.059600 ms)

AssetImportWorkerClient::OnTransportError - code=2 error=End of file
