Using pre-set license
Built from '2020.2/staging' branch; Version is '2020.2.0b7 (1b1252580c64) revision 1774162'; Using compiler version '192528614'; Build Type 'Release'
OS: 'Windows 10  (10.0.0) 64bit' Language: 'en' Physical Memory: 7917 MB
BatchMode: 1, IsHumanControllingUs: 0, StartBugReporterOnCrash: 0, Is64bit: 1, IsPro: 0

 COMMAND LINE ARGUMENTS:
C:\Program Files\Unity 2020.2.0b7\Editor\Unity.exe
-adb2
-batchMode
-noUpm
-name
AssetImportWorker1
-projectPath
C:/My-Documents/GamewithLOVE2D/cs50x_assignments/amWRit
-logFile
Logs/AssetImportWorker1.log
-srvPort
51454
Successfully changed project path to: C:/My-Documents/GamewithLOVE2D/cs50x_assignments/amWRit
C:/My-Documents/GamewithLOVE2D/cs50x_assignments/amWRit
Using Asset Import Pipeline V2.
Refreshing native plugins compatible for Editor in 90.03 ms, found 0 plugins.
Preloading 0 native plugins for Editor in 0.00 ms.
Initialize engine version: 2020.2.0b7 (1b1252580c64)
[Subsystems] Discovering subsystems at path C:/Program Files/Unity 2020.2.0b7/Editor/Data/Resources/UnitySubsystems
[Subsystems] Discovering subsystems at path C:/My-Documents/GamewithLOVE2D/cs50x_assignments/amWRit/Assets
GfxDevice: creating device client; threaded=0
Direct3D:
    Version:  Direct3D 11.0 [level 11.1]
    Renderer: Intel(R) HD Graphics 620 (ID=0x5916)
    Vendor:   
    VRAM:     3958 MB
    Driver:   26.20.100.7986
Initialize mono
Mono path[0] = 'C:/Program Files/Unity 2020.2.0b7/Editor/Data/Managed'
Mono path[1] = 'C:/Program Files/Unity 2020.2.0b7/Editor/Data/MonoBleedingEdge/lib/mono/unityjit'
Mono config path = 'C:/Program Files/Unity 2020.2.0b7/Editor/Data/MonoBleedingEdge/etc'
Using monoOptions --debugger-agent=transport=dt_socket,embedding=1,server=y,suspend=n,address=127.0.0.1:56464
Begin MonoManager ReloadAssembly
Registering precompiled unity dll's ...
Register platform support module: C:/Program Files/Unity 2020.2.0b7/Editor/Data/PlaybackEngines/WindowsStandaloneSupport/UnityEditor.WindowsStandalone.Extensions.dll
Registered in 0.002936 seconds.
Native extension for WindowsStandalone target not found
Refreshing native plugins compatible for Editor in 163.96 ms, found 0 plugins.
Preloading 0 native plugins for Editor in 0.00 ms.
Invoked RoslynAnalysisRunner static constructor.
RoslynAnalysisRunner will not be running.
RoslynAnalysisRunner has terminated.
Mono: successfully reloaded assembly
- Completed reload, in  2.612 seconds
Platform modules already initialized, skipping
Registering precompiled user dll's ...
Registered in 0.009059 seconds.
Begin MonoManager ReloadAssembly
Symbol file LoadedFromMemory doesn't match image C:\My-Documents\GamewithLOVE2D\cs50x_assignments\amWRit\Library\PackageCache\com.unity.ext.nunit@1.0.0\net35\unity-custom\nunit.framework.dll
Native extension for WindowsStandalone target not found
Refreshing native plugins compatible for Editor in 0.95 ms, found 0 plugins.
Preloading 0 native plugins for Editor in 0.00 ms.
Invoked RoslynAnalysisRunner static constructor.
RoslynAnalysisRunner will not be running.
RoslynAnalysisRunner has terminated.
Mono: successfully reloaded assembly
- Completed reload, in  1.401 seconds
Platform modules already initialized, skipping
========================================================================
Worker process is ready to serve import requests
Launched and connected shader compiler UnityShaderCompiler.exe after 0.09 seconds
Refreshing native plugins compatible for Editor in 0.57 ms, found 0 plugins.
Preloading 0 native plugins for Editor in 0.00 ms.
Unloading 1500 Unused Serialized files (Serialized files now loaded: 0)
System memory in use before: 95.5 MB.
System memory in use after: 94.6 MB.

Unloading 46 unused Assets to reduce memory usage. Loaded Objects now: 1989.
Total: 7.051400 ms (FindLiveObjects: 1.281100 ms CreateObjectMapping: 0.415400 ms MarkObjects: 3.525000 ms  DeleteObjects: 1.826200 ms)

========================================================================
Received Import Request.
  path: Assets/Fonts/SuperMario256.ttf
  artifactKey: Guid(46f9d1f93eac9314b9bf1ca6c90373a6) Importer(815301076,1909f56bfc062723c751e8b465ee728b)
Start importing Assets/Fonts/SuperMario256.ttf using Guid(46f9d1f93eac9314b9bf1ca6c90373a6) Importer(815301076,1909f56bfc062723c751e8b465ee728b)  -> (artifact id: 'c1ef288b5b891e13f9a5c5e200335852') in 0.180668 seconds
  Import took 0.187501 seconds .

========================================================================
Received Import Request.
  Time since last request: 0.000338 seconds.
  path: Assets/Scripts/Sphere.cs
  artifactKey: Guid(6f66f353675ede74eaed3d23693a9ab1) Importer(815301076,1909f56bfc062723c751e8b465ee728b)
Start importing Assets/Scripts/Sphere.cs using Guid(6f66f353675ede74eaed3d23693a9ab1) Importer(815301076,1909f56bfc062723c751e8b465ee728b)  -> (artifact id: 'f34316a0e14e3b15b820ab56d2bb3e40') in 0.010721 seconds
  Import took 0.016814 seconds .

========================================================================
Received Import Request.
  Time since last request: 0.000307 seconds.
  path: Assets/Scripts/WinText.cs
  artifactKey: Guid(977f169c559ead3428f0e662a284bcd6) Importer(815301076,1909f56bfc062723c751e8b465ee728b)
Start importing Assets/Scripts/WinText.cs using Guid(977f169c559ead3428f0e662a284bcd6) Importer(815301076,1909f56bfc062723c751e8b465ee728b)  -> (artifact id: 'cdcc7a955cae6b8bdc0c5bae01f38759') in 0.008432 seconds
  Import took 0.013702 seconds .

========================================================================
Received Prepare
Reloading mono domain
Begin MonoManager ReloadAssembly
Registering precompiled unity dll's ...
Register platform support module: C:/Program Files/Unity 2020.2.0b7/Editor/Data/PlaybackEngines/WindowsStandaloneSupport/UnityEditor.WindowsStandalone.Extensions.dll
Registered in 0.002750 seconds.
Symbol file LoadedFromMemory doesn't match image C:\My-Documents\GamewithLOVE2D\cs50x_assignments\amWRit\Library\PackageCache\com.unity.ext.nunit@1.0.0\net35\unity-custom\nunit.framework.dll
Native extension for WindowsStandalone target not found
Refreshing native plugins compatible for Editor in 63.27 ms, found 0 plugins.
Preloading 0 native plugins for Editor in 0.00 ms.
Invoked RoslynAnalysisRunner static constructor.
RoslynAnalysisRunner will not be running.
RoslynAnalysisRunner has terminated.
Mono: successfully reloaded assembly
- Completed reload, in  1.534 seconds
Platform modules already initialized, skipping
Registering precompiled user dll's ...
Registered in 0.006667 seconds.
Begin MonoManager ReloadAssembly
Symbol file LoadedFromMemory doesn't match image C:\My-Documents\GamewithLOVE2D\cs50x_assignments\amWRit\Library\PackageCache\com.unity.ext.nunit@1.0.0\net35\unity-custom\nunit.framework.dll
Native extension for WindowsStandalone target not found
Refreshing native plugins compatible for Editor in 0.68 ms, found 0 plugins.
Preloading 0 native plugins for Editor in 0.00 ms.
Invoked RoslynAnalysisRunner static constructor.
RoslynAnalysisRunner will not be running.
RoslynAnalysisRunner has terminated.
Mono: successfully reloaded assembly
- Completed reload, in  1.133 seconds
Platform modules already initialized, skipping
Refreshing native plugins compatible for Editor in 0.60 ms, found 0 plugins.
Preloading 0 native plugins for Editor in 0.00 ms.
Unloading 38 Unused Serialized files (Serialized files now loaded: 0)
System memory in use before: 69.6 MB.
System memory in use after: 68.9 MB.

Unloading 37 unused Assets to reduce memory usage. Loaded Objects now: 2037.
Total: 4.402500 ms (FindLiveObjects: 0.488200 ms CreateObjectMapping: 0.117100 ms MarkObjects: 2.680900 ms  DeleteObjects: 1.113400 ms)

========================================================================
Received Import Request.
  Time since last request: 176.553809 seconds.
  path: Assets/Scenes/MyLevelScene.unity
  artifactKey: Guid(f745611f54b68d449a11795f27523fca) Importer(815301076,1909f56bfc062723c751e8b465ee728b)
Start importing Assets/Scenes/MyLevelScene.unity using Guid(f745611f54b68d449a11795f27523fca) Importer(815301076,1909f56bfc062723c751e8b465ee728b)  -> (artifact id: '2538eb18fbc82597601dde051b973b94') in 0.045164 seconds
  Import took 0.051443 seconds .

========================================================================
Received Import Request.
  Time since last request: 0.002003 seconds.
  path: Assets/Scenes/MyLevelScene.unity
  artifactKey: Guid(f745611f54b68d449a11795f27523fca) Importer(815301076,1909f56bfc062723c751e8b465ee728b)
Start importing Assets/Scenes/MyLevelScene.unity using Guid(f745611f54b68d449a11795f27523fca) Importer(815301076,1909f56bfc062723c751e8b465ee728b)  -> (artifact id: '2538eb18fbc82597601dde051b973b94') in 0.007448 seconds
  Import took 0.014532 seconds .

========================================================================
Received Prepare
Reloading mono domain
Begin MonoManager ReloadAssembly
Registering precompiled unity dll's ...
Register platform support module: C:/Program Files/Unity 2020.2.0b7/Editor/Data/PlaybackEngines/WindowsStandaloneSupport/UnityEditor.WindowsStandalone.Extensions.dll
Registered in 0.002705 seconds.
Symbol file LoadedFromMemory doesn't match image C:\My-Documents\GamewithLOVE2D\cs50x_assignments\amWRit\Library\PackageCache\com.unity.ext.nunit@1.0.0\net35\unity-custom\nunit.framework.dll
Native extension for WindowsStandalone target not found
Refreshing native plugins compatible for Editor in 59.85 ms, found 0 plugins.
Preloading 0 native plugins for Editor in 0.00 ms.
Invoked RoslynAnalysisRunner static constructor.
RoslynAnalysisRunner will not be running.
RoslynAnalysisRunner has terminated.
Mono: successfully reloaded assembly
- Completed reload, in  1.562 seconds
Platform modules already initialized, skipping
Registering precompiled user dll's ...
Registered in 0.005871 seconds.
Begin MonoManager ReloadAssembly
Symbol file LoadedFromMemory doesn't match image C:\My-Documents\GamewithLOVE2D\cs50x_assignments\amWRit\Library\PackageCache\com.unity.ext.nunit@1.0.0\net35\unity-custom\nunit.framework.dll
Native extension for WindowsStandalone target not found
Refreshing native plugins compatible for Editor in 0.91 ms, found 0 plugins.
Preloading 0 native plugins for Editor in 0.00 ms.
Invoked RoslynAnalysisRunner static constructor.
RoslynAnalysisRunner will not be running.
RoslynAnalysisRunner has terminated.
Mono: successfully reloaded assembly
- Completed reload, in  1.329 seconds
Platform modules already initialized, skipping
Refreshing native plugins compatible for Editor in 0.70 ms, found 0 plugins.
Preloading 0 native plugins for Editor in 0.00 ms.
Unloading 38 Unused Serialized files (Serialized files now loaded: 0)
System memory in use before: 70.7 MB.
System memory in use after: 69.9 MB.

Unloading 37 unused Assets to reduce memory usage. Loaded Objects now: 2041.
Total: 5.025800 ms (FindLiveObjects: 0.515200 ms CreateObjectMapping: 0.140700 ms MarkObjects: 2.930100 ms  DeleteObjects: 1.437400 ms)

========================================================================
Received Prepare
Reloading mono domain
Begin MonoManager ReloadAssembly
Registering precompiled unity dll's ...
Register platform support module: C:/Program Files/Unity 2020.2.0b7/Editor/Data/PlaybackEngines/WindowsStandaloneSupport/UnityEditor.WindowsStandalone.Extensions.dll
Registered in 0.002463 seconds.
Symbol file LoadedFromMemory doesn't match image C:\My-Documents\GamewithLOVE2D\cs50x_assignments\amWRit\Library\PackageCache\com.unity.ext.nunit@1.0.0\net35\unity-custom\nunit.framework.dll
Native extension for WindowsStandalone target not found
Refreshing native plugins compatible for Editor in 62.51 ms, found 0 plugins.
Preloading 0 native plugins for Editor in 0.00 ms.
Invoked RoslynAnalysisRunner static constructor.
RoslynAnalysisRunner will not be running.
RoslynAnalysisRunner has terminated.
Mono: successfully reloaded assembly
- Completed reload, in  1.476 seconds
Platform modules already initialized, skipping
Registering precompiled user dll's ...
Registered in 0.005866 seconds.
Begin MonoManager ReloadAssembly
Symbol file LoadedFromMemory doesn't match image C:\My-Documents\GamewithLOVE2D\cs50x_assignments\amWRit\Library\PackageCache\com.unity.ext.nunit@1.0.0\net35\unity-custom\nunit.framework.dll
Native extension for WindowsStandalone target not found
Refreshing native plugins compatible for Editor in 0.59 ms, found 0 plugins.
Preloading 0 native plugins for Editor in 0.00 ms.
Invoked RoslynAnalysisRunner static constructor.
RoslynAnalysisRunner will not be running.
RoslynAnalysisRunner has terminated.
Mono: successfully reloaded assembly
- Completed reload, in  1.329 seconds
Platform modules already initialized, skipping
Refreshing native plugins compatible for Editor in 0.56 ms, found 0 plugins.
Preloading 0 native plugins for Editor in 0.00 ms.
Unloading 38 Unused Serialized files (Serialized files now loaded: 0)
System memory in use before: 70.7 MB.
System memory in use after: 69.9 MB.

Unloading 37 unused Assets to reduce memory usage. Loaded Objects now: 2045.
Total: 4.728900 ms (FindLiveObjects: 0.509700 ms CreateObjectMapping: 0.224700 ms MarkObjects: 2.822100 ms  DeleteObjects: 1.169700 ms)

========================================================================
Received Prepare
Reloading mono domain
Begin MonoManager ReloadAssembly
Registering precompiled unity dll's ...
Register platform support module: C:/Program Files/Unity 2020.2.0b7/Editor/Data/PlaybackEngines/WindowsStandaloneSupport/UnityEditor.WindowsStandalone.Extensions.dll
Registered in 0.002904 seconds.
Symbol file LoadedFromMemory doesn't match image C:\My-Documents\GamewithLOVE2D\cs50x_assignments\amWRit\Library\PackageCache\com.unity.ext.nunit@1.0.0\net35\unity-custom\nunit.framework.dll
Native extension for WindowsStandalone target not found
Refreshing native plugins compatible for Editor in 186.56 ms, found 0 plugins.
Preloading 0 native plugins for Editor in 0.00 ms.
Invoked RoslynAnalysisRunner static constructor.
RoslynAnalysisRunner will not be running.
RoslynAnalysisRunner has terminated.
Mono: successfully reloaded assembly
- Completed reload, in  2.170 seconds
Platform modules already initialized, skipping
Registering precompiled user dll's ...
Registered in 0.005994 seconds.
Begin MonoManager ReloadAssembly
Symbol file LoadedFromMemory doesn't match image C:\My-Documents\GamewithLOVE2D\cs50x_assignments\amWRit\Library\PackageCache\com.unity.ext.nunit@1.0.0\net35\unity-custom\nunit.framework.dll
Native extension for WindowsStandalone target not found
Refreshing native plugins compatible for Editor in 0.55 ms, found 0 plugins.
Preloading 0 native plugins for Editor in 0.00 ms.
Invoked RoslynAnalysisRunner static constructor.
RoslynAnalysisRunner will not be running.
RoslynAnalysisRunner has terminated.
Mono: successfully reloaded assembly
- Completed reload, in  1.363 seconds
Platform modules already initialized, skipping
Refreshing native plugins compatible for Editor in 0.54 ms, found 0 plugins.
Preloading 0 native plugins for Editor in 0.00 ms.
Unloading 38 Unused Serialized files (Serialized files now loaded: 0)
System memory in use before: 70.6 MB.
System memory in use after: 69.9 MB.

Unloading 37 unused Assets to reduce memory usage. Loaded Objects now: 2049.
Total: 4.760200 ms (FindLiveObjects: 0.491800 ms CreateObjectMapping: 0.130500 ms MarkObjects: 2.798600 ms  DeleteObjects: 1.337300 ms)

========================================================================
Received Prepare
Reloading mono domain
Begin MonoManager ReloadAssembly
Registering precompiled unity dll's ...
Register platform support module: C:/Program Files/Unity 2020.2.0b7/Editor/Data/PlaybackEngines/WindowsStandaloneSupport/UnityEditor.WindowsStandalone.Extensions.dll
Registered in 0.001972 seconds.
Symbol file LoadedFromMemory doesn't match image C:\My-Documents\GamewithLOVE2D\cs50x_assignments\amWRit\Library\PackageCache\com.unity.ext.nunit@1.0.0\net35\unity-custom\nunit.framework.dll
Native extension for WindowsStandalone target not found
Refreshing native plugins compatible for Editor in 52.82 ms, found 0 plugins.
Preloading 0 native plugins for Editor in 0.00 ms.
Invoked RoslynAnalysisRunner static constructor.
RoslynAnalysisRunner will not be running.
RoslynAnalysisRunner has terminated.
Mono: successfully reloaded assembly
- Completed reload, in  1.535 seconds
Platform modules already initialized, skipping
Registering precompiled user dll's ...
Registered in 0.005744 seconds.
Begin MonoManager ReloadAssembly
Symbol file LoadedFromMemory doesn't match image C:\My-Documents\GamewithLOVE2D\cs50x_assignments\amWRit\Library\PackageCache\com.unity.ext.nunit@1.0.0\net35\unity-custom\nunit.framework.dll
Native extension for WindowsStandalone target not found
Refreshing native plugins compatible for Editor in 0.59 ms, found 0 plugins.
Preloading 0 native plugins for Editor in 0.00 ms.
Invoked RoslynAnalysisRunner static constructor.
RoslynAnalysisRunner will not be running.
RoslynAnalysisRunner has terminated.
Mono: successfully reloaded assembly
- Completed reload, in  1.271 seconds
Platform modules already initialized, skipping
Refreshing native plugins compatible for Editor in 0.55 ms, found 0 plugins.
Preloading 0 native plugins for Editor in 0.00 ms.
Unloading 38 Unused Serialized files (Serialized files now loaded: 0)
System memory in use before: 70.7 MB.
System memory in use after: 69.9 MB.

Unloading 37 unused Assets to reduce memory usage. Loaded Objects now: 2053.
Total: 4.427400 ms (FindLiveObjects: 0.467300 ms CreateObjectMapping: 0.119900 ms MarkObjects: 2.694900 ms  DeleteObjects: 1.143600 ms)

========================================================================
Received Prepare
Reloading mono domain
Begin MonoManager ReloadAssembly
Registering precompiled unity dll's ...
Register platform support module: C:/Program Files/Unity 2020.2.0b7/Editor/Data/PlaybackEngines/WindowsStandaloneSupport/UnityEditor.WindowsStandalone.Extensions.dll
Registered in 0.002535 seconds.
Symbol file LoadedFromMemory doesn't match image C:\My-Documents\GamewithLOVE2D\cs50x_assignments\amWRit\Library\PackageCache\com.unity.ext.nunit@1.0.0\net35\unity-custom\nunit.framework.dll
Native extension for WindowsStandalone target not found
Refreshing native plugins compatible for Editor in 59.10 ms, found 0 plugins.
Preloading 0 native plugins for Editor in 0.00 ms.
Invoked RoslynAnalysisRunner static constructor.
RoslynAnalysisRunner will not be running.
RoslynAnalysisRunner has terminated.
Mono: successfully reloaded assembly
- Completed reload, in  1.611 seconds
Platform modules already initialized, skipping
Registering precompiled user dll's ...
Registered in 0.005693 seconds.
Begin MonoManager ReloadAssembly
Symbol file LoadedFromMemory doesn't match image C:\My-Documents\GamewithLOVE2D\cs50x_assignments\amWRit\Library\PackageCache\com.unity.ext.nunit@1.0.0\net35\unity-custom\nunit.framework.dll
Native extension for WindowsStandalone target not found
Refreshing native plugins compatible for Editor in 0.56 ms, found 0 plugins.
Preloading 0 native plugins for Editor in 0.00 ms.
Invoked RoslynAnalysisRunner static constructor.
RoslynAnalysisRunner will not be running.
RoslynAnalysisRunner has terminated.
Mono: successfully reloaded assembly
- Completed reload, in  1.354 seconds
Platform modules already initialized, skipping
Refreshing native plugins compatible for Editor in 0.64 ms, found 0 plugins.
Preloading 0 native plugins for Editor in 0.00 ms.
Unloading 38 Unused Serialized files (Serialized files now loaded: 0)
System memory in use before: 70.7 MB.
System memory in use after: 69.9 MB.

Unloading 37 unused Assets to reduce memory usage. Loaded Objects now: 2057.
Total: 5.432000 ms (FindLiveObjects: 0.571800 ms CreateObjectMapping: 0.154200 ms MarkObjects: 3.240200 ms  DeleteObjects: 1.463700 ms)

========================================================================
Received Prepare
Reloading mono domain
Begin MonoManager ReloadAssembly
Registering precompiled unity dll's ...
Register platform support module: C:/Program Files/Unity 2020.2.0b7/Editor/Data/PlaybackEngines/WindowsStandaloneSupport/UnityEditor.WindowsStandalone.Extensions.dll
Registered in 0.001952 seconds.
Symbol file LoadedFromMemory doesn't match image C:\My-Documents\GamewithLOVE2D\cs50x_assignments\amWRit\Library\PackageCache\com.unity.ext.nunit@1.0.0\net35\unity-custom\nunit.framework.dll
Native extension for WindowsStandalone target not found
Refreshing native plugins compatible for Editor in 52.51 ms, found 0 plugins.
Preloading 0 native plugins for Editor in 0.00 ms.
Invoked RoslynAnalysisRunner static constructor.
RoslynAnalysisRunner will not be running.
RoslynAnalysisRunner has terminated.
Mono: successfully reloaded assembly
- Completed reload, in  1.507 seconds
Platform modules already initialized, skipping
Registering precompiled user dll's ...
Registered in 0.005863 seconds.
Begin MonoManager ReloadAssembly
Symbol file LoadedFromMemory doesn't match image C:\My-Documents\GamewithLOVE2D\cs50x_assignments\amWRit\Library\PackageCache\com.unity.ext.nunit@1.0.0\net35\unity-custom\nunit.framework.dll
Native extension for WindowsStandalone target not found
Refreshing native plugins compatible for Editor in 0.67 ms, found 0 plugins.
Preloading 0 native plugins for Editor in 0.00 ms.
Invoked RoslynAnalysisRunner static constructor.
RoslynAnalysisRunner will not be running.
RoslynAnalysisRunner has terminated.
Mono: successfully reloaded assembly
- Completed reload, in  1.400 seconds
Platform modules already initialized, skipping
Refreshing native plugins compatible for Editor in 0.58 ms, found 0 plugins.
Preloading 0 native plugins for Editor in 0.00 ms.
Unloading 38 Unused Serialized files (Serialized files now loaded: 0)
System memory in use before: 70.7 MB.
System memory in use after: 69.9 MB.

Unloading 37 unused Assets to reduce memory usage. Loaded Objects now: 2061.
Total: 4.771300 ms (FindLiveObjects: 0.465100 ms CreateObjectMapping: 0.131700 ms MarkObjects: 2.719100 ms  DeleteObjects: 1.453200 ms)

========================================================================
Received Import Request.
  Time since last request: 489.534379 seconds.
  path: Assets/Scenes/MyLevelScene.unity
  artifactKey: Guid(f745611f54b68d449a11795f27523fca) Importer(815301076,1909f56bfc062723c751e8b465ee728b)
Start importing Assets/Scenes/MyLevelScene.unity using Guid(f745611f54b68d449a11795f27523fca) Importer(815301076,1909f56bfc062723c751e8b465ee728b)  -> (artifact id: '30769325747e10bd9253fbcedcff43d1') in 0.025538 seconds
  Import took 0.056941 seconds .

========================================================================
Received Import Request.
  Time since last request: 76.736536 seconds.
  path: Assets/Scripts/Sphere.cs
  artifactKey: Guid(6f66f353675ede74eaed3d23693a9ab1) Importer(815301076,1909f56bfc062723c751e8b465ee728b)
Start importing Assets/Scripts/Sphere.cs using Guid(6f66f353675ede74eaed3d23693a9ab1) Importer(815301076,1909f56bfc062723c751e8b465ee728b)  -> (artifact id: '2bafdae1b43c4ad2e2acec58f47f50d0') in 0.007482 seconds
  Import took 0.014458 seconds .

========================================================================
Received Import Request.
  Time since last request: 0.003724 seconds.
  path: Assets/Scripts/Sphere.cs
  artifactKey: Guid(6f66f353675ede74eaed3d23693a9ab1) Importer(815301076,1909f56bfc062723c751e8b465ee728b)
Start importing Assets/Scripts/Sphere.cs using Guid(6f66f353675ede74eaed3d23693a9ab1) Importer(815301076,1909f56bfc062723c751e8b465ee728b)  -> (artifact id: '2bafdae1b43c4ad2e2acec58f47f50d0') in 0.007534 seconds
  Import took 0.013385 seconds .

========================================================================
Received Prepare
Reloading mono domain
Begin MonoManager ReloadAssembly
Registering precompiled unity dll's ...
Register platform support module: C:/Program Files/Unity 2020.2.0b7/Editor/Data/PlaybackEngines/WindowsStandaloneSupport/UnityEditor.WindowsStandalone.Extensions.dll
Registered in 0.001941 seconds.
Symbol file LoadedFromMemory doesn't match image C:\My-Documents\GamewithLOVE2D\cs50x_assignments\amWRit\Library\PackageCache\com.unity.ext.nunit@1.0.0\net35\unity-custom\nunit.framework.dll
Native extension for WindowsStandalone target not found
Refreshing native plugins compatible for Editor in 57.06 ms, found 0 plugins.
Preloading 0 native plugins for Editor in 0.00 ms.
Invoked RoslynAnalysisRunner static constructor.
RoslynAnalysisRunner will not be running.
RoslynAnalysisRunner has terminated.
Mono: successfully reloaded assembly
- Completed reload, in  1.754 seconds
Platform modules already initialized, skipping
Registering precompiled user dll's ...
Registered in 0.007947 seconds.
Begin MonoManager ReloadAssembly
Symbol file LoadedFromMemory doesn't match image C:\My-Documents\GamewithLOVE2D\cs50x_assignments\amWRit\Library\PackageCache\com.unity.ext.nunit@1.0.0\net35\unity-custom\nunit.framework.dll
Native extension for WindowsStandalone target not found
Refreshing native plugins compatible for Editor in 1.03 ms, found 0 plugins.
Preloading 0 native plugins for Editor in 0.00 ms.
Invoked RoslynAnalysisRunner static constructor.
RoslynAnalysisRunner will not be running.
RoslynAnalysisRunner has terminated.
Mono: successfully reloaded assembly
- Completed reload, in  1.792 seconds
Platform modules already initialized, skipping
Refreshing native plugins compatible for Editor in 0.89 ms, found 0 plugins.
Preloading 0 native plugins for Editor in 0.00 ms.
Unloading 38 Unused Serialized files (Serialized files now loaded: 0)
System memory in use before: 70.7 MB.
System memory in use after: 69.9 MB.

Unloading 37 unused Assets to reduce memory usage. Loaded Objects now: 2065.
Total: 5.577100 ms (FindLiveObjects: 0.575600 ms CreateObjectMapping: 0.192900 ms MarkObjects: 3.216900 ms  DeleteObjects: 1.589400 ms)

========================================================================
Received Import Request.
  Time since last request: 29.340092 seconds.
  path: Assets/Scripts/Sphere.cs
  artifactKey: Guid(6f66f353675ede74eaed3d23693a9ab1) Importer(815301076,1909f56bfc062723c751e8b465ee728b)
Start importing Assets/Scripts/Sphere.cs using Guid(6f66f353675ede74eaed3d23693a9ab1) Importer(815301076,1909f56bfc062723c751e8b465ee728b)  -> (artifact id: 'b1d78cfbc9bc94df2e57f31c5a8568f7') in 0.006452 seconds
  Import took 0.011149 seconds .

========================================================================
Received Prepare
Reloading mono domain
Begin MonoManager ReloadAssembly
Registering precompiled unity dll's ...
Register platform support module: C:/Program Files/Unity 2020.2.0b7/Editor/Data/PlaybackEngines/WindowsStandaloneSupport/UnityEditor.WindowsStandalone.Extensions.dll
Registered in 0.001892 seconds.
Symbol file LoadedFromMemory doesn't match image C:\My-Documents\GamewithLOVE2D\cs50x_assignments\amWRit\Library\PackageCache\com.unity.ext.nunit@1.0.0\net35\unity-custom\nunit.framework.dll
Native extension for WindowsStandalone target not found
Refreshing native plugins compatible for Editor in 77.72 ms, found 0 plugins.
Preloading 0 native plugins for Editor in 0.00 ms.
Invoked RoslynAnalysisRunner static constructor.
RoslynAnalysisRunner will not be running.
RoslynAnalysisRunner has terminated.
Mono: successfully reloaded assembly
- Completed reload, in  1.942 seconds
Platform modules already initialized, skipping
Registering precompiled user dll's ...
Registered in 0.005815 seconds.
Begin MonoManager ReloadAssembly
Symbol file LoadedFromMemory doesn't match image C:\My-Documents\GamewithLOVE2D\cs50x_assignments\amWRit\Library\PackageCache\com.unity.ext.nunit@1.0.0\net35\unity-custom\nunit.framework.dll
Native extension for WindowsStandalone target not found
Refreshing native plugins compatible for Editor in 0.58 ms, found 0 plugins.
Preloading 0 native plugins for Editor in 0.00 ms.
Invoked RoslynAnalysisRunner static constructor.
RoslynAnalysisRunner will not be running.
RoslynAnalysisRunner has terminated.
Mono: successfully reloaded assembly
- Completed reload, in  1.718 seconds
Platform modules already initialized, skipping
Refreshing native plugins compatible for Editor in 0.64 ms, found 0 plugins.
Preloading 0 native plugins for Editor in 0.00 ms.
Unloading 38 Unused Serialized files (Serialized files now loaded: 0)
System memory in use before: 70.7 MB.
System memory in use after: 70.0 MB.

Unloading 37 unused Assets to reduce memory usage. Loaded Objects now: 2069.
Total: 4.963500 ms (FindLiveObjects: 0.464300 ms CreateObjectMapping: 0.146900 ms MarkObjects: 2.950700 ms  DeleteObjects: 1.399400 ms)

========================================================================
Received Import Request.
  Time since last request: 42.727841 seconds.
  path: Assets/Scripts/Sphere.cs
  artifactKey: Guid(6f66f353675ede74eaed3d23693a9ab1) Importer(815301076,1909f56bfc062723c751e8b465ee728b)
Start importing Assets/Scripts/Sphere.cs using Guid(6f66f353675ede74eaed3d23693a9ab1) Importer(815301076,1909f56bfc062723c751e8b465ee728b)  -> (artifact id: 'b3aa2b435fbfbb1d723fd50212947a45') in 0.006735 seconds
  Import took 0.035921 seconds .

========================================================================
Received Prepare
Reloading mono domain
Begin MonoManager ReloadAssembly
Registering precompiled unity dll's ...
Register platform support module: C:/Program Files/Unity 2020.2.0b7/Editor/Data/PlaybackEngines/WindowsStandaloneSupport/UnityEditor.WindowsStandalone.Extensions.dll
Registered in 0.003477 seconds.
Symbol file LoadedFromMemory doesn't match image C:\My-Documents\GamewithLOVE2D\cs50x_assignments\amWRit\Library\PackageCache\com.unity.ext.nunit@1.0.0\net35\unity-custom\nunit.framework.dll
Native extension for WindowsStandalone target not found
Refreshing native plugins compatible for Editor in 77.36 ms, found 0 plugins.
Preloading 0 native plugins for Editor in 0.00 ms.
Invoked RoslynAnalysisRunner static constructor.
RoslynAnalysisRunner will not be running.
RoslynAnalysisRunner has terminated.
Mono: successfully reloaded assembly
- Completed reload, in  2.327 seconds
Platform modules already initialized, skipping
Registering precompiled user dll's ...
Registered in 0.011380 seconds.
Begin MonoManager ReloadAssembly
Symbol file LoadedFromMemory doesn't match image C:\My-Documents\GamewithLOVE2D\cs50x_assignments\amWRit\Library\PackageCache\com.unity.ext.nunit@1.0.0\net35\unity-custom\nunit.framework.dll
Native extension for WindowsStandalone target not found
Refreshing native plugins compatible for Editor in 5.85 ms, found 0 plugins.
Preloading 0 native plugins for Editor in 0.00 ms.
Invoked RoslynAnalysisRunner static constructor.
RoslynAnalysisRunner will not be running.
RoslynAnalysisRunner has terminated.
Mono: successfully reloaded assembly
- Completed reload, in  3.478 seconds
Platform modules already initialized, skipping
Refreshing native plugins compatible for Editor in 0.58 ms, found 0 plugins.
Preloading 0 native plugins for Editor in 0.00 ms.
Unloading 38 Unused Serialized files (Serialized files now loaded: 0)
System memory in use before: 70.7 MB.
System memory in use after: 70.0 MB.

Unloading 37 unused Assets to reduce memory usage. Loaded Objects now: 2073.
Total: 6.073100 ms (FindLiveObjects: 0.520000 ms CreateObjectMapping: 0.128300 ms MarkObjects: 4.088900 ms  DeleteObjects: 1.333700 ms)

========================================================================
Received Import Request.
  Time since last request: 1691.797162 seconds.
  path: Assets/ADG_Textures/ground_vol1/ground4/ground4.mat
  artifactKey: Guid(58621eb9da53bb648ab64c4982c9d407) Importer(815301076,1909f56bfc062723c751e8b465ee728b)
Start importing Assets/ADG_Textures/ground_vol1/ground4/ground4.mat using Guid(58621eb9da53bb648ab64c4982c9d407) Importer(815301076,1909f56bfc062723c751e8b465ee728b)  -> (artifact id: '1e92b567fc962ba103c52c68560e6cd1') in 0.166693 seconds
  Import took 0.176576 seconds .

========================================================================
Received Import Request.
  Time since last request: 6.347094 seconds.
  path: Assets/ADG_Textures/ground_vol1/ground4/ground4_Ambient_Occlusion.mat
  artifactKey: Guid(2946d6d327b92da448cc0c423ef8d6f0) Importer(815301076,1909f56bfc062723c751e8b465ee728b)
Start importing Assets/ADG_Textures/ground_vol1/ground4/ground4_Ambient_Occlusion.mat using Guid(2946d6d327b92da448cc0c423ef8d6f0) Importer(815301076,1909f56bfc062723c751e8b465ee728b)  -> (artifact id: '7b13374cd4d977291e710d4363449a8d') in 0.052957 seconds
  Import took 0.059539 seconds .

========================================================================
Received Import Request.
  Time since last request: 0.000349 seconds.
  path: Assets/ADG_Textures/ground_vol1/ground4/ground4_Diffuse.mat
  artifactKey: Guid(68f75caf896115d409db03a5876fbad6) Importer(815301076,1909f56bfc062723c751e8b465ee728b)
Start importing Assets/ADG_Textures/ground_vol1/ground4/ground4_Diffuse.mat using Guid(68f75caf896115d409db03a5876fbad6) Importer(815301076,1909f56bfc062723c751e8b465ee728b)  -> (artifact id: '38cc53dd346e96e8c9266a2dfde499bd') in 0.022848 seconds
  Import took 0.029012 seconds .

========================================================================
Received Import Request.
  Time since last request: 0.000186 seconds.
  path: Assets/ADG_Textures/ground_vol1/ground4/ground4_Ambient_Occlusion.mat
  artifactKey: Guid(2946d6d327b92da448cc0c423ef8d6f0) Importer(815301076,1909f56bfc062723c751e8b465ee728b)
Start importing Assets/ADG_Textures/ground_vol1/ground4/ground4_Ambient_Occlusion.mat using Guid(2946d6d327b92da448cc0c423ef8d6f0) Importer(815301076,1909f56bfc062723c751e8b465ee728b)  -> (artifact id: '7b13374cd4d977291e710d4363449a8d') in 0.021140 seconds
  Import took 0.027986 seconds .

========================================================================
Received Import Request.
  Time since last request: 0.552086 seconds.
  path: Assets/ADG_Textures/ground_vol1/ground4/ground4_Height.mat
  artifactKey: Guid(9226b753be2e97647b02c1b249b4a23b) Importer(815301076,1909f56bfc062723c751e8b465ee728b)
Start importing Assets/ADG_Textures/ground_vol1/ground4/ground4_Height.mat using Guid(9226b753be2e97647b02c1b249b4a23b) Importer(815301076,1909f56bfc062723c751e8b465ee728b)  -> (artifact id: '38c39501e3565c90255cc154b0de62a2') in 0.052604 seconds
  Import took 0.057838 seconds .

========================================================================
Received Import Request.
  Time since last request: 0.000473 seconds.
  path: Assets/ADG_Textures/ground_vol1/ground4/ground4_Metallic.mat
  artifactKey: Guid(1ae65fd5af0ca1948a209ca7c2ac2eba) Importer(815301076,1909f56bfc062723c751e8b465ee728b)
Start importing Assets/ADG_Textures/ground_vol1/ground4/ground4_Metallic.mat using Guid(1ae65fd5af0ca1948a209ca7c2ac2eba) Importer(815301076,1909f56bfc062723c751e8b465ee728b)  -> (artifact id: '517ce9b0dbe680aeb878b3941b0c141a') in 0.026421 seconds
  Import took 0.033313 seconds .

========================================================================
Received Import Request.
  Time since last request: 0.323106 seconds.
  path: Assets/ADG_Textures/ground_vol1/ground4/ground4_Metallic 1.mat
  artifactKey: Guid(6012a5f6abaef134eab49d4b4a436336) Importer(815301076,1909f56bfc062723c751e8b465ee728b)
Start importing Assets/ADG_Textures/ground_vol1/ground4/ground4_Metallic 1.mat using Guid(6012a5f6abaef134eab49d4b4a436336) Importer(815301076,1909f56bfc062723c751e8b465ee728b)  -> (artifact id: '41151e0c19124e39c85afa006271a923') in 0.043247 seconds
  Import took 0.049275 seconds .

========================================================================
Received Import Request.
  Time since last request: 0.000351 seconds.
  path: Assets/ADG_Textures/ground_vol1/ground8/Materials/ground8_Ambient_Occlusion.mat
  artifactKey: Guid(5d688ef531b22ec44a4a31c407e2eff5) Importer(815301076,1909f56bfc062723c751e8b465ee728b)
Start importing Assets/ADG_Textures/ground_vol1/ground8/Materials/ground8_Ambient_Occlusion.mat using Guid(5d688ef531b22ec44a4a31c407e2eff5) Importer(815301076,1909f56bfc062723c751e8b465ee728b)  -> (artifact id: '01c5caf2b8c7e6b7fe8f04db2c37feca') in 0.041695 seconds
  Import took 0.047211 seconds .

========================================================================
Received Import Request.
  Time since last request: 0.000293 seconds.
  path: Assets/ADG_Textures/ground_vol1/ground4/ground4_Normal.mat
  artifactKey: Guid(27def298018696441862ab60ecc9dfe6) Importer(815301076,1909f56bfc062723c751e8b465ee728b)
Start importing Assets/ADG_Textures/ground_vol1/ground4/ground4_Normal.mat using Guid(27def298018696441862ab60ecc9dfe6) Importer(815301076,1909f56bfc062723c751e8b465ee728b)  -> (artifact id: '25fa802872d213985022f826275357fd') in 0.021101 seconds
  Import took 0.027788 seconds .

========================================================================
Received Import Request.
  Time since last request: 0.000307 seconds.
  path: Assets/ADG_Textures/ground_vol1/ground8/ground8.mat
  artifactKey: Guid(57208e3c02c59dc4bba6832237467e57) Importer(815301076,1909f56bfc062723c751e8b465ee728b)
Start importing Assets/ADG_Textures/ground_vol1/ground8/ground8.mat using Guid(57208e3c02c59dc4bba6832237467e57) Importer(815301076,1909f56bfc062723c751e8b465ee728b)  -> (artifact id: 'b4125a164a60d69f037262d20fb32f19') in 0.057075 seconds
  Import took 0.063430 seconds .

========================================================================
Received Import Request.
  Time since last request: 0.000289 seconds.
  path: Assets/ADG_Textures/ground_vol1/ground8/Materials/ground8_Height.mat
  artifactKey: Guid(fda6e3c463a367742a98ff4e4ae268d6) Importer(815301076,1909f56bfc062723c751e8b465ee728b)
Start importing Assets/ADG_Textures/ground_vol1/ground8/Materials/ground8_Height.mat using Guid(fda6e3c463a367742a98ff4e4ae268d6) Importer(815301076,1909f56bfc062723c751e8b465ee728b)  -> (artifact id: '7efd1cc24294a0d06f66d7a1fb02459e') in 0.020638 seconds
  Import took 0.027175 seconds .

========================================================================
Received Import Request.
  Time since last request: 0.000635 seconds.
  path: Assets/ADG_Textures/ground_vol1/ground8/ground8_Height 2.mat
  artifactKey: Guid(72fde8543d7a31148bef01f81dd252ae) Importer(815301076,1909f56bfc062723c751e8b465ee728b)
Start importing Assets/ADG_Textures/ground_vol1/ground8/ground8_Height 2.mat using Guid(72fde8543d7a31148bef01f81dd252ae) Importer(815301076,1909f56bfc062723c751e8b465ee728b)  -> (artifact id: '583586df0bb4e24a407691919c8f8432') in 0.021595 seconds
  Import took 0.027488 seconds .

========================================================================
Received Import Request.
  Time since last request: 0.000270 seconds.
  path: Assets/ADG_Textures/ground_vol1/ground8/Materials/ground8_Height.mat
  artifactKey: Guid(fda6e3c463a367742a98ff4e4ae268d6) Importer(815301076,1909f56bfc062723c751e8b465ee728b)
Start importing Assets/ADG_Textures/ground_vol1/ground8/Materials/ground8_Height.mat using Guid(fda6e3c463a367742a98ff4e4ae268d6) Importer(815301076,1909f56bfc062723c751e8b465ee728b)  -> (artifact id: '7efd1cc24294a0d06f66d7a1fb02459e') in 0.023592 seconds
  Import took 0.030892 seconds .

========================================================================
Received Import Request.
  Time since last request: 0.000351 seconds.
  path: Assets/ADG_Textures/ground_vol1/ground8/ground8_Height.mat
  artifactKey: Guid(8053c53d70c2c6d45ba7e1aebfd0fc20) Importer(815301076,1909f56bfc062723c751e8b465ee728b)
Start importing Assets/ADG_Textures/ground_vol1/ground8/ground8_Height.mat using Guid(8053c53d70c2c6d45ba7e1aebfd0fc20) Importer(815301076,1909f56bfc062723c751e8b465ee728b)  -> (artifact id: '0cb8f6e9f5a1343733a268ca9a543208') in 0.022526 seconds
  Import took 0.027338 seconds .

========================================================================
Received Import Request.
  Time since last request: 0.000254 seconds.
  path: Assets/ADG_Textures/ground_vol1/ground8/ground8_Height 1.mat
  artifactKey: Guid(e1b64e758e361ee4da8ab086736f183a) Importer(815301076,1909f56bfc062723c751e8b465ee728b)
Start importing Assets/ADG_Textures/ground_vol1/ground8/ground8_Height 1.mat using Guid(e1b64e758e361ee4da8ab086736f183a) Importer(815301076,1909f56bfc062723c751e8b465ee728b)  -> (artifact id: '8d7cfd0ba289ab84e7c3cce32562b292') in 0.021597 seconds
  Import took 0.030512 seconds .

========================================================================
Received Import Request.
  Time since last request: 18.239054 seconds.
  path: Assets/ADG_Textures/ground_vol1/ground8/ground8_Height 3.mat
  artifactKey: Guid(e0eb5f98fa0d14a4cbb31a88fad6b2ff) Importer(815301076,1909f56bfc062723c751e8b465ee728b)
Start importing Assets/ADG_Textures/ground_vol1/ground8/ground8_Height 3.mat using Guid(e0eb5f98fa0d14a4cbb31a88fad6b2ff) Importer(815301076,1909f56bfc062723c751e8b465ee728b)  -> (artifact id: 'b1218ee9a16d5ea53c8e2ded1a29a182') in 0.054611 seconds
  Import took 0.060275 seconds .

========================================================================
Received Import Request.
  Time since last request: 0.000284 seconds.
  path: Assets/ADG_Textures/ground_vol1/ground8/ground8_Normal.mat
  artifactKey: Guid(a1c4ab64ff2980745934c6951d52f8d6) Importer(815301076,1909f56bfc062723c751e8b465ee728b)
Start importing Assets/ADG_Textures/ground_vol1/ground8/ground8_Normal.mat using Guid(a1c4ab64ff2980745934c6951d52f8d6) Importer(815301076,1909f56bfc062723c751e8b465ee728b)  -> (artifact id: '7f966f26a8fc0cfe1ff7efd224167401') in 0.023995 seconds
  Import took 0.029941 seconds .

========================================================================
Received Prepare
Reloading mono domain
Begin MonoManager ReloadAssembly
Registering precompiled unity dll's ...
Register platform support module: C:/Program Files/Unity 2020.2.0b7/Editor/Data/PlaybackEngines/WindowsStandaloneSupport/UnityEditor.WindowsStandalone.Extensions.dll
Registered in 0.002011 seconds.
Symbol file LoadedFromMemory doesn't match image C:\My-Documents\GamewithLOVE2D\cs50x_assignments\amWRit\Library\PackageCache\com.unity.ext.nunit@1.0.0\net35\unity-custom\nunit.framework.dll
Native extension for WindowsStandalone target not found
Refreshing native plugins compatible for Editor in 109.56 ms, found 0 plugins.
Preloading 0 native plugins for Editor in 0.00 ms.
Invoked RoslynAnalysisRunner static constructor.
RoslynAnalysisRunner will not be running.
RoslynAnalysisRunner has terminated.
Mono: successfully reloaded assembly
- Completed reload, in  2.258 seconds
Platform modules already initialized, skipping
Registering precompiled user dll's ...
Registered in 0.006295 seconds.
Begin MonoManager ReloadAssembly
Symbol file LoadedFromMemory doesn't match image C:\My-Documents\GamewithLOVE2D\cs50x_assignments\amWRit\Library\PackageCache\com.unity.ext.nunit@1.0.0\net35\unity-custom\nunit.framework.dll
Native extension for WindowsStandalone target not found
Refreshing native plugins compatible for Editor in 0.55 ms, found 0 plugins.
Preloading 0 native plugins for Editor in 0.00 ms.
Invoked RoslynAnalysisRunner static constructor.
RoslynAnalysisRunner will not be running.
RoslynAnalysisRunner has terminated.
Mono: successfully reloaded assembly
- Completed reload, in  1.870 seconds
Platform modules already initialized, skipping
Refreshing native plugins compatible for Editor in 0.57 ms, found 0 plugins.
Preloading 0 native plugins for Editor in 0.00 ms.
Unloading 38 Unused Serialized files (Serialized files now loaded: 0)
System memory in use before: 70.7 MB.
System memory in use after: 69.9 MB.

Unloading 37 unused Assets to reduce memory usage. Loaded Objects now: 2078.
Total: 4.655600 ms (FindLiveObjects: 0.434100 ms CreateObjectMapping: 0.098100 ms MarkObjects: 2.218700 ms  DeleteObjects: 1.902200 ms)

========================================================================
Received Import Request.
  Time since last request: 1842.230981 seconds.
  path: Assets/ADG_Textures/ground_vol1/ground4
  artifactKey: Guid(9a31f8da348e3b346aff560d42e68aa3) Importer(815301076,1909f56bfc062723c751e8b465ee728b)
Start importing Assets/ADG_Textures/ground_vol1/ground4 using Guid(9a31f8da348e3b346aff560d42e68aa3) Importer(815301076,1909f56bfc062723c751e8b465ee728b)  -> (artifact id: '8ab481b8f4693747ff1da6d00fd26cfb') in 0.007063 seconds
  Import took 0.014680 seconds .

========================================================================
Received Import Request.
  Time since last request: 0.000336 seconds.
  path: Assets/ADG_Textures/ground_vol1/ground8
  artifactKey: Guid(25aa6f5b6d827194aad921ee542af062) Importer(815301076,1909f56bfc062723c751e8b465ee728b)
Start importing Assets/ADG_Textures/ground_vol1/ground8 using Guid(25aa6f5b6d827194aad921ee542af062) Importer(815301076,1909f56bfc062723c751e8b465ee728b)  -> (artifact id: 'd4c8ac8692ee60497dc5bcec3f3001c6') in 0.005444 seconds
  Import took 0.010426 seconds .

========================================================================
Received Import Request.
  Time since last request: 2.662225 seconds.
  path: Assets/ADG_Textures/ground_vol1/ground4/ground4_Ambient_Occlusion.tga
  artifactKey: Guid(1626b1dd9f03a1a4d87b2440d41208a8) Importer(815301076,1909f56bfc062723c751e8b465ee728b)
Start importing Assets/ADG_Textures/ground_vol1/ground4/ground4_Ambient_Occlusion.tga using Guid(1626b1dd9f03a1a4d87b2440d41208a8) Importer(815301076,1909f56bfc062723c751e8b465ee728b)  -> (artifact id: '2cb8e476d5d6e0d2e367ffdfc9d413ed') in 0.080631 seconds
  Import took 0.087563 seconds .

========================================================================
Received Import Request.
  Time since last request: 0.000293 seconds.
  path: Assets/ADG_Textures/ground_vol1/ground4/ground4_Metallic.tga
  artifactKey: Guid(fb1c850a227a62544b63c6626cfa8ba8) Importer(815301076,1909f56bfc062723c751e8b465ee728b)
Start importing Assets/ADG_Textures/ground_vol1/ground4/ground4_Metallic.tga using Guid(fb1c850a227a62544b63c6626cfa8ba8) Importer(815301076,1909f56bfc062723c751e8b465ee728b)  -> (artifact id: 'c6e9cc35a44354f9a7182b2109b59d5c') in 0.016442 seconds
  Import took 0.024487 seconds .

========================================================================
Received Import Request.
  Time since last request: 0.000299 seconds.
  path: Assets/ADG_Textures/ground_vol1/ground4/ground4_Height.tga
  artifactKey: Guid(3397c7f4a7562e546bcfc9faa71e1659) Importer(815301076,1909f56bfc062723c751e8b465ee728b)
Start importing Assets/ADG_Textures/ground_vol1/ground4/ground4_Height.tga using Guid(3397c7f4a7562e546bcfc9faa71e1659) Importer(815301076,1909f56bfc062723c751e8b465ee728b)  -> (artifact id: '589d30130bb7b2229ccda2b82cdef58e') in 0.019112 seconds
  Import took 0.026010 seconds .

========================================================================
Received Import Request.
  Time since last request: 0.000278 seconds.
  path: Assets/ADG_Textures/ground_vol1/ground4/ground4_Normal.tga
  artifactKey: Guid(6711a6f408dca5b41b938ec249d8d444) Importer(815301076,1909f56bfc062723c751e8b465ee728b)
Start importing Assets/ADG_Textures/ground_vol1/ground4/ground4_Normal.tga using Guid(6711a6f408dca5b41b938ec249d8d444) Importer(815301076,1909f56bfc062723c751e8b465ee728b)  -> (artifact id: '6005966792a317c94071d5d532ecbe9f') in 0.036148 seconds
  Import took 0.043803 seconds .

========================================================================
Received Import Request.
  Time since last request: 0.000363 seconds.
  path: Assets/ADG_Textures/ground_vol1/ground4/ground4_Diffuse.tga
  artifactKey: Guid(9875bf7345d4ac04ab35f3b9ed63a954) Importer(815301076,1909f56bfc062723c751e8b465ee728b)
Start importing Assets/ADG_Textures/ground_vol1/ground4/ground4_Diffuse.tga using Guid(9875bf7345d4ac04ab35f3b9ed63a954) Importer(815301076,1909f56bfc062723c751e8b465ee728b)  -> (artifact id: '8b3ed90b45c5d2c6236f86e4e8189aee') in 0.021655 seconds
  Import took 0.028647 seconds .

========================================================================
Received Import Request.
  Time since last request: 0.000273 seconds.
  path: Assets/ADG_Textures/ground_vol1/ground4/ground4_Normal.tga
  artifactKey: Guid(6711a6f408dca5b41b938ec249d8d444) Importer(815301076,1909f56bfc062723c751e8b465ee728b)
Start importing Assets/ADG_Textures/ground_vol1/ground4/ground4_Normal.tga using Guid(6711a6f408dca5b41b938ec249d8d444) Importer(815301076,1909f56bfc062723c751e8b465ee728b)  -> (artifact id: '6005966792a317c94071d5d532ecbe9f') in 0.023124 seconds
  Import took 0.027544 seconds .

========================================================================
Received Import Request.
  Time since last request: 0.000274 seconds.
  path: Assets/ADG_Textures/ground_vol1/ground4/ground4_Ambient_Occlusion.tga
  artifactKey: Guid(1626b1dd9f03a1a4d87b2440d41208a8) Importer(815301076,1909f56bfc062723c751e8b465ee728b)
Start importing Assets/ADG_Textures/ground_vol1/ground4/ground4_Ambient_Occlusion.tga using Guid(1626b1dd9f03a1a4d87b2440d41208a8) Importer(815301076,1909f56bfc062723c751e8b465ee728b)  -> (artifact id: '2cb8e476d5d6e0d2e367ffdfc9d413ed') in 0.021028 seconds
  Import took 0.027646 seconds .

========================================================================
Received Prepare
Reloading mono domain
Begin MonoManager ReloadAssembly
Registering precompiled unity dll's ...
Register platform support module: C:/Program Files/Unity 2020.2.0b7/Editor/Data/PlaybackEngines/WindowsStandaloneSupport/UnityEditor.WindowsStandalone.Extensions.dll
Registered in 0.001908 seconds.
Symbol file LoadedFromMemory doesn't match image C:\My-Documents\GamewithLOVE2D\cs50x_assignments\amWRit\Library\PackageCache\com.unity.ext.nunit@1.0.0\net35\unity-custom\nunit.framework.dll
Native extension for WindowsStandalone target not found
Refreshing native plugins compatible for Editor in 54.28 ms, found 0 plugins.
Preloading 0 native plugins for Editor in 0.00 ms.
Invoked RoslynAnalysisRunner static constructor.
RoslynAnalysisRunner will not be running.
RoslynAnalysisRunner has terminated.
Mono: successfully reloaded assembly
- Completed reload, in  1.771 seconds
Platform modules already initialized, skipping
Registering precompiled user dll's ...
Registered in 0.005740 seconds.
Begin MonoManager ReloadAssembly
Symbol file LoadedFromMemory doesn't match image C:\My-Documents\GamewithLOVE2D\cs50x_assignments\amWRit\Library\PackageCache\com.unity.ext.nunit@1.0.0\net35\unity-custom\nunit.framework.dll
Native extension for WindowsStandalone target not found
Refreshing native plugins compatible for Editor in 0.56 ms, found 0 plugins.
Preloading 0 native plugins for Editor in 0.00 ms.
Invoked RoslynAnalysisRunner static constructor.
RoslynAnalysisRunner will not be running.
RoslynAnalysisRunner has terminated.
Mono: successfully reloaded assembly
- Completed reload, in  1.717 seconds
Platform modules already initialized, skipping
Refreshing native plugins compatible for Editor in 0.62 ms, found 0 plugins.
Preloading 0 native plugins for Editor in 0.00 ms.
Unloading 38 Unused Serialized files (Serialized files now loaded: 0)
System memory in use before: 70.8 MB.
System memory in use after: 70.1 MB.

Unloading 37 unused Assets to reduce memory usage. Loaded Objects now: 2086.
Total: 4.963500 ms (FindLiveObjects: 0.606000 ms CreateObjectMapping: 0.179700 ms MarkObjects: 2.932800 ms  DeleteObjects: 1.242200 ms)

========================================================================
Received Prepare
Reloading mono domain
Begin MonoManager ReloadAssembly
Registering precompiled unity dll's ...
Register platform support module: C:/Program Files/Unity 2020.2.0b7/Editor/Data/PlaybackEngines/WindowsStandaloneSupport/UnityEditor.WindowsStandalone.Extensions.dll
Registered in 0.001881 seconds.
Symbol file LoadedFromMemory doesn't match image C:\My-Documents\GamewithLOVE2D\cs50x_assignments\amWRit\Library\PackageCache\com.unity.ext.nunit@1.0.0\net35\unity-custom\nunit.framework.dll
Native extension for WindowsStandalone target not found
Refreshing native plugins compatible for Editor in 55.18 ms, found 0 plugins.
Preloading 0 native plugins for Editor in 0.00 ms.
Invoked RoslynAnalysisRunner static constructor.
RoslynAnalysisRunner will not be running.
RoslynAnalysisRunner has terminated.
Mono: successfully reloaded assembly
- Completed reload, in  1.886 seconds
Platform modules already initialized, skipping
Registering precompiled user dll's ...
Registered in 0.006641 seconds.
Begin MonoManager ReloadAssembly
Symbol file LoadedFromMemory doesn't match image C:\My-Documents\GamewithLOVE2D\cs50x_assignments\amWRit\Library\PackageCache\com.unity.ext.nunit@1.0.0\net35\unity-custom\nunit.framework.dll
Native extension for WindowsStandalone target not found
Refreshing native plugins compatible for Editor in 0.61 ms, found 0 plugins.
Preloading 0 native plugins for Editor in 0.00 ms.
Invoked RoslynAnalysisRunner static constructor.
RoslynAnalysisRunner will not be running.
RoslynAnalysisRunner has terminated.
Mono: successfully reloaded assembly
- Completed reload, in  2.070 seconds
Platform modules already initialized, skipping
Refreshing native plugins compatible for Editor in 0.54 ms, found 0 plugins.
Preloading 0 native plugins for Editor in 0.00 ms.
Unloading 38 Unused Serialized files (Serialized files now loaded: 0)
System memory in use before: 70.9 MB.
System memory in use after: 70.1 MB.

Unloading 37 unused Assets to reduce memory usage. Loaded Objects now: 2090.
Total: 4.726800 ms (FindLiveObjects: 1.098500 ms CreateObjectMapping: 0.185900 ms MarkObjects: 2.080200 ms  DeleteObjects: 1.359700 ms)

========================================================================
Received Prepare
Reloading mono domain
Begin MonoManager ReloadAssembly
Registering precompiled unity dll's ...
Register platform support module: C:/Program Files/Unity 2020.2.0b7/Editor/Data/PlaybackEngines/WindowsStandaloneSupport/UnityEditor.WindowsStandalone.Extensions.dll
Registered in 0.002060 seconds.
Symbol file LoadedFromMemory doesn't match image C:\My-Documents\GamewithLOVE2D\cs50x_assignments\amWRit\Library\PackageCache\com.unity.ext.nunit@1.0.0\net35\unity-custom\nunit.framework.dll
Native extension for WindowsStandalone target not found
Refreshing native plugins compatible for Editor in 55.35 ms, found 0 plugins.
Preloading 0 native plugins for Editor in 0.00 ms.
Invoked RoslynAnalysisRunner static constructor.
RoslynAnalysisRunner will not be running.
RoslynAnalysisRunner has terminated.
Mono: successfully reloaded assembly
- Completed reload, in  2.117 seconds
Platform modules already initialized, skipping
Registering precompiled user dll's ...
Registered in 0.006333 seconds.
Begin MonoManager ReloadAssembly
Symbol file LoadedFromMemory doesn't match image C:\My-Documents\GamewithLOVE2D\cs50x_assignments\amWRit\Library\PackageCache\com.unity.ext.nunit@1.0.0\net35\unity-custom\nunit.framework.dll
Native extension for WindowsStandalone target not found
Refreshing native plugins compatible for Editor in 0.94 ms, found 0 plugins.
Preloading 0 native plugins for Editor in 0.00 ms.
Invoked RoslynAnalysisRunner static constructor.
RoslynAnalysisRunner will not be running.
RoslynAnalysisRunner has terminated.
Mono: successfully reloaded assembly
- Completed reload, in  1.993 seconds
Platform modules already initialized, skipping
Refreshing native plugins compatible for Editor in 0.56 ms, found 0 plugins.
Preloading 0 native plugins for Editor in 0.00 ms.
Unloading 38 Unused Serialized files (Serialized files now loaded: 0)
System memory in use before: 70.9 MB.
System memory in use after: 70.1 MB.

Unloading 37 unused Assets to reduce memory usage. Loaded Objects now: 2094.
Total: 4.823900 ms (FindLiveObjects: 0.510500 ms CreateObjectMapping: 0.125700 ms MarkObjects: 2.780100 ms  DeleteObjects: 1.405500 ms)

========================================================================
Received Prepare
Reloading mono domain
Begin MonoManager ReloadAssembly
Registering precompiled unity dll's ...
Register platform support module: C:/Program Files/Unity 2020.2.0b7/Editor/Data/PlaybackEngines/WindowsStandaloneSupport/UnityEditor.WindowsStandalone.Extensions.dll
Registered in 0.002139 seconds.
Symbol file LoadedFromMemory doesn't match image C:\My-Documents\GamewithLOVE2D\cs50x_assignments\amWRit\Library\PackageCache\com.unity.ext.nunit@1.0.0\net35\unity-custom\nunit.framework.dll
Native extension for WindowsStandalone target not found
Refreshing native plugins compatible for Editor in 57.32 ms, found 0 plugins.
Preloading 0 native plugins for Editor in 0.00 ms.
Invoked RoslynAnalysisRunner static constructor.
RoslynAnalysisRunner will not be running.
RoslynAnalysisRunner has terminated.
Mono: successfully reloaded assembly
- Completed reload, in  2.166 seconds
Platform modules already initialized, skipping
Registering precompiled user dll's ...
Registered in 0.005933 seconds.
Begin MonoManager ReloadAssembly
Symbol file LoadedFromMemory doesn't match image C:\My-Documents\GamewithLOVE2D\cs50x_assignments\amWRit\Library\PackageCache\com.unity.ext.nunit@1.0.0\net35\unity-custom\nunit.framework.dll
Native extension for WindowsStandalone target not found
Refreshing native plugins compatible for Editor in 0.63 ms, found 0 plugins.
Preloading 0 native plugins for Editor in 0.00 ms.
Invoked RoslynAnalysisRunner static constructor.
RoslynAnalysisRunner will not be running.
RoslynAnalysisRunner has terminated.
Mono: successfully reloaded assembly
- Completed reload, in  2.198 seconds
Platform modules already initialized, skipping
Refreshing native plugins compatible for Editor in 0.56 ms, found 0 plugins.
Preloading 0 native plugins for Editor in 0.00 ms.
Unloading 38 Unused Serialized files (Serialized files now loaded: 0)
System memory in use before: 70.9 MB.
System memory in use after: 70.1 MB.

Unloading 37 unused Assets to reduce memory usage. Loaded Objects now: 2098.
Total: 4.716800 ms (FindLiveObjects: 0.466200 ms CreateObjectMapping: 0.124200 ms MarkObjects: 2.698500 ms  DeleteObjects: 1.425900 ms)

AssetImportWorkerClient::OnTransportError - code=2 error=End of file
